0 info it worked if it ends with ok
1 verbose cli [ '/Users/dbaron/.nvm/versions/node/v6.9.1/bin/node',
1 verbose cli   '/Users/dbaron/.nvm/versions/node/v6.9.1/bin/npm',
1 verbose cli   'start' ]
2 info using npm@3.10.8
3 info using node@v6.9.1
4 verbose run-script [ 'prestart', 'start', 'poststart' ]
5 info lifecycle eye-hoot@0.0.1~prestart: eye-hoot@0.0.1
6 silly lifecycle eye-hoot@0.0.1~prestart: no script for prestart, continuing
7 info lifecycle eye-hoot@0.0.1~start: eye-hoot@0.0.1
8 verbose lifecycle eye-hoot@0.0.1~start: unsafe-perm in lifecycle true
9 verbose lifecycle eye-hoot@0.0.1~start: PATH: /Users/dbaron/.nvm/versions/node/v6.9.1/lib/node_modules/npm/bin/node-gyp-bin:/Users/dbaron/projects/eye-hoot/node_modules/.bin:/usr/local/var/pyenv/shims:/Users/dbaron/.nvm/versions/node/v6.9.1/bin:/usr/local/bin:/usr/local/mysql/bin:/usr/bin:/bin:/usr/sbin:/sbin:/usr/local/bin:/Applications/eclipse:/usr/local/heroku/bin:/usr/bin:/bin:/usr/sbin:/sbin:/usr/local/bin:/opt/X11/bin:/Library/Ruby/Gems/2.0.0/gems/travis-1.8.0/bin
10 verbose lifecycle eye-hoot@0.0.1~start: CWD: /Users/dbaron/projects/eye-hoot
11 silly lifecycle eye-hoot@0.0.1~start: Args: [ '-c',
11 silly lifecycle   'webpack-dev-server --config webpack-dev.config.js --inline --watch -d' ]
12 silly lifecycle eye-hoot@0.0.1~start: Returned: code: 1  signal: null
13 info lifecycle eye-hoot@0.0.1~start: Failed to exec start script
14 verbose stack Error: eye-hoot@0.0.1 start: `webpack-dev-server --config webpack-dev.config.js --inline --watch -d`
14 verbose stack Exit status 1
14 verbose stack     at EventEmitter.<anonymous> (/Users/dbaron/.nvm/versions/node/v6.9.1/lib/node_modules/npm/lib/utils/lifecycle.js:255:16)
14 verbose stack     at emitTwo (events.js:106:13)
14 verbose stack     at EventEmitter.emit (events.js:191:7)
14 verbose stack     at ChildProcess.<anonymous> (/Users/dbaron/.nvm/versions/node/v6.9.1/lib/node_modules/npm/lib/utils/spawn.js:40:14)
14 verbose stack     at emitTwo (events.js:106:13)
14 verbose stack     at ChildProcess.emit (events.js:191:7)
14 verbose stack     at maybeClose (internal/child_process.js:877:16)
14 verbose stack     at Process.ChildProcess._handle.onexit (internal/child_process.js:226:5)
15 verbose pkgid eye-hoot@0.0.1
16 verbose cwd /Users/dbaron/projects/eye-hoot
17 error Darwin 15.6.0
18 error argv "/Users/dbaron/.nvm/versions/node/v6.9.1/bin/node" "/Users/dbaron/.nvm/versions/node/v6.9.1/bin/npm" "start"
19 error node v6.9.1
20 error npm  v3.10.8
21 error code ELIFECYCLE
22 error eye-hoot@0.0.1 start: `webpack-dev-server --config webpack-dev.config.js --inline --watch -d`
22 error Exit status 1
23 error Failed at the eye-hoot@0.0.1 start script 'webpack-dev-server --config webpack-dev.config.js --inline --watch -d'.
23 error Make sure you have the latest version of node.js and npm installed.
23 error If you do, this is most likely a problem with the eye-hoot package,
23 error not with npm itself.
23 error Tell the author that this fails on your system:
23 error     webpack-dev-server --config webpack-dev.config.js --inline --watch -d
23 error You can get information on how to open an issue for this project with:
23 error     npm bugs eye-hoot
23 error Or if that isn't available, you can get their info via:
23 error     npm owner ls eye-hoot
23 error There is likely additional logging output above.
24 verbose exit [ 1, true ]
